{"C:\\Users\\Seçkin Serdem\\Desktop\\react\\tripfinder-boat\\tripfinder-boat-app\\src\\services\\staticDataService.js": {"path":"C:\\Users\\Seçkin Serdem\\Desktop\\react\\tripfinder-boat\\tripfinder-boat-app\\src\\services\\staticDataService.js","statementMap":{"0":{"start":{"line":5,"column":2},"end":{"line":21,"column":3}},"1":{"start":{"line":6,"column":28},"end":{"line":9,"column":39}},"2":{"start":{"line":11,"column":4},"end":{"line":11,"column":27}},"3":{"start":{"line":11,"column":15},"end":{"line":11,"column":27}},"4":{"start":{"line":14,"column":4},"end":{"line":17,"column":8}},"5":{"start":{"line":14,"column":43},"end":{"line":17,"column":5}},"6":{"start":{"line":19,"column":4},"end":{"line":19,"column":54}},"7":{"start":{"line":20,"column":4},"end":{"line":20,"column":16}},"8":{"start":{"line":29,"column":2},"end":{"line":40,"column":3}},"9":{"start":{"line":30,"column":28},"end":{"line":33,"column":39}},"10":{"start":{"line":35,"column":4},"end":{"line":35,"column":27}},"11":{"start":{"line":35,"column":15},"end":{"line":35,"column":27}},"12":{"start":{"line":36,"column":4},"end":{"line":36,"column":22}},"13":{"start":{"line":38,"column":4},"end":{"line":38,"column":55}},"14":{"start":{"line":39,"column":4},"end":{"line":39,"column":16}},"15":{"start":{"line":48,"column":2},"end":{"line":59,"column":3}},"16":{"start":{"line":49,"column":28},"end":{"line":52,"column":39}},"17":{"start":{"line":54,"column":4},"end":{"line":54,"column":27}},"18":{"start":{"line":54,"column":15},"end":{"line":54,"column":27}},"19":{"start":{"line":55,"column":4},"end":{"line":55,"column":22}},"20":{"start":{"line":57,"column":4},"end":{"line":57,"column":54}},"21":{"start":{"line":58,"column":4},"end":{"line":58,"column":16}},"22":{"start":{"line":67,"column":2},"end":{"line":78,"column":3}},"23":{"start":{"line":68,"column":28},"end":{"line":71,"column":39}},"24":{"start":{"line":73,"column":4},"end":{"line":73,"column":27}},"25":{"start":{"line":73,"column":15},"end":{"line":73,"column":27}},"26":{"start":{"line":74,"column":4},"end":{"line":74,"column":22}},"27":{"start":{"line":76,"column":4},"end":{"line":76,"column":53}},"28":{"start":{"line":77,"column":4},"end":{"line":77,"column":16}},"29":{"start":{"line":87,"column":2},"end":{"line":105,"column":3}},"30":{"start":{"line":88,"column":25},"end":{"line":92,"column":5}},"31":{"start":{"line":94,"column":28},"end":{"line":98,"column":15}},"32":{"start":{"line":100,"column":4},"end":{"line":100,"column":27}},"33":{"start":{"line":100,"column":15},"end":{"line":100,"column":27}},"34":{"start":{"line":101,"column":4},"end":{"line":101,"column":16}},"35":{"start":{"line":103,"column":3},"end":{"line":103,"column":40}},"36":{"start":{"line":104,"column":4},"end":{"line":104,"column":16}},"37":{"start":{"line":115,"column":2},"end":{"line":141,"column":3}},"38":{"start":{"line":116,"column":25},"end":{"line":116,"column":27}},"39":{"start":{"line":117,"column":4},"end":{"line":121,"column":80}},"40":{"start":{"line":121,"column":6},"end":{"line":121,"column":80}},"41":{"start":{"line":122,"column":4},"end":{"line":126,"column":77}},"42":{"start":{"line":126,"column":6},"end":{"line":126,"column":77}},"43":{"start":{"line":127,"column":4},"end":{"line":127,"column":80}},"44":{"start":{"line":127,"column":41},"end":{"line":127,"column":80}},"45":{"start":{"line":129,"column":28},"end":{"line":134,"column":15}},"46":{"start":{"line":136,"column":4},"end":{"line":136,"column":27}},"47":{"start":{"line":136,"column":15},"end":{"line":136,"column":27}},"48":{"start":{"line":137,"column":4},"end":{"line":137,"column":16}},"49":{"start":{"line":139,"column":3},"end":{"line":139,"column":40}},"50":{"start":{"line":140,"column":4},"end":{"line":140,"column":16}},"51":{"start":{"line":150,"column":2},"end":{"line":165,"column":3}},"52":{"start":{"line":151,"column":28},"end":{"line":155,"column":15}},"53":{"start":{"line":157,"column":4},"end":{"line":157,"column":27}},"54":{"start":{"line":157,"column":15},"end":{"line":157,"column":27}},"55":{"start":{"line":158,"column":4},"end":{"line":160,"column":5}},"56":{"start":{"line":159,"column":6},"end":{"line":159,"column":52}},"57":{"start":{"line":161,"column":4},"end":{"line":161,"column":29}},"58":{"start":{"line":163,"column":3},"end":{"line":163,"column":40}},"59":{"start":{"line":164,"column":4},"end":{"line":164,"column":16}},"60":{"start":{"line":173,"column":2},"end":{"line":184,"column":3}},"61":{"start":{"line":174,"column":28},"end":{"line":177,"column":39}},"62":{"start":{"line":179,"column":4},"end":{"line":179,"column":27}},"63":{"start":{"line":179,"column":15},"end":{"line":179,"column":27}},"64":{"start":{"line":180,"column":4},"end":{"line":180,"column":22}},"65":{"start":{"line":182,"column":4},"end":{"line":182,"column":56}},"66":{"start":{"line":183,"column":4},"end":{"line":183,"column":16}},"67":{"start":{"line":193,"column":2},"end":{"line":211,"column":3}},"68":{"start":{"line":194,"column":25},"end":{"line":198,"column":5}},"69":{"start":{"line":200,"column":28},"end":{"line":204,"column":15}},"70":{"start":{"line":206,"column":4},"end":{"line":206,"column":27}},"71":{"start":{"line":206,"column":15},"end":{"line":206,"column":27}},"72":{"start":{"line":207,"column":4},"end":{"line":207,"column":16}},"73":{"start":{"line":209,"column":3},"end":{"line":209,"column":42}},"74":{"start":{"line":210,"column":4},"end":{"line":210,"column":16}},"75":{"start":{"line":221,"column":2},"end":{"line":241,"column":3}},"76":{"start":{"line":222,"column":25},"end":{"line":222,"column":27}},"77":{"start":{"line":223,"column":4},"end":{"line":224,"column":76}},"78":{"start":{"line":224,"column":6},"end":{"line":224,"column":76}},"79":{"start":{"line":225,"column":4},"end":{"line":226,"column":73}},"80":{"start":{"line":226,"column":6},"end":{"line":226,"column":73}},"81":{"start":{"line":227,"column":4},"end":{"line":227,"column":76}},"82":{"start":{"line":227,"column":39},"end":{"line":227,"column":76}},"83":{"start":{"line":229,"column":28},"end":{"line":234,"column":15}},"84":{"start":{"line":236,"column":4},"end":{"line":236,"column":27}},"85":{"start":{"line":236,"column":15},"end":{"line":236,"column":27}},"86":{"start":{"line":237,"column":4},"end":{"line":237,"column":16}},"87":{"start":{"line":239,"column":3},"end":{"line":239,"column":42}},"88":{"start":{"line":240,"column":4},"end":{"line":240,"column":16}},"89":{"start":{"line":250,"column":2},"end":{"line":265,"column":3}},"90":{"start":{"line":251,"column":28},"end":{"line":255,"column":15}},"91":{"start":{"line":257,"column":4},"end":{"line":257,"column":27}},"92":{"start":{"line":257,"column":15},"end":{"line":257,"column":27}},"93":{"start":{"line":258,"column":4},"end":{"line":260,"column":5}},"94":{"start":{"line":259,"column":6},"end":{"line":259,"column":52}},"95":{"start":{"line":261,"column":4},"end":{"line":261,"column":29}},"96":{"start":{"line":263,"column":3},"end":{"line":263,"column":42}},"97":{"start":{"line":264,"column":4},"end":{"line":264,"column":16}},"98":{"start":{"line":272,"column":2},"end":{"line":293,"column":3}},"99":{"start":{"line":273,"column":25},"end":{"line":277,"column":5}},"100":{"start":{"line":279,"column":28},"end":{"line":283,"column":15}},"101":{"start":{"line":285,"column":4},"end":{"line":285,"column":27}},"102":{"start":{"line":285,"column":15},"end":{"line":285,"column":27}},"103":{"start":{"line":286,"column":4},"end":{"line":289,"column":6}},"104":{"start":{"line":291,"column":3},"end":{"line":291,"column":41}},"105":{"start":{"line":292,"column":4},"end":{"line":292,"column":16}},"106":{"start":{"line":300,"column":2},"end":{"line":326,"column":3}},"107":{"start":{"line":301,"column":25},"end":{"line":301,"column":27}},"108":{"start":{"line":302,"column":4},"end":{"line":302,"column":79}},"109":{"start":{"line":302,"column":41},"end":{"line":302,"column":79}},"110":{"start":{"line":303,"column":4},"end":{"line":304,"column":46}},"111":{"start":{"line":304,"column":6},"end":{"line":304,"column":46}},"112":{"start":{"line":305,"column":4},"end":{"line":309,"column":79}},"113":{"start":{"line":309,"column":6},"end":{"line":309,"column":79}},"114":{"start":{"line":311,"column":28},"end":{"line":316,"column":15}},"115":{"start":{"line":318,"column":4},"end":{"line":318,"column":27}},"116":{"start":{"line":318,"column":15},"end":{"line":318,"column":27}},"117":{"start":{"line":319,"column":4},"end":{"line":322,"column":6}},"118":{"start":{"line":324,"column":3},"end":{"line":324,"column":41}},"119":{"start":{"line":325,"column":4},"end":{"line":325,"column":16}},"120":{"start":{"line":333,"column":2},"end":{"line":348,"column":3}},"121":{"start":{"line":334,"column":28},"end":{"line":338,"column":15}},"122":{"start":{"line":340,"column":4},"end":{"line":340,"column":27}},"123":{"start":{"line":340,"column":15},"end":{"line":340,"column":27}},"124":{"start":{"line":341,"column":4},"end":{"line":343,"column":5}},"125":{"start":{"line":342,"column":6},"end":{"line":342,"column":52}},"126":{"start":{"line":344,"column":4},"end":{"line":344,"column":29}},"127":{"start":{"line":346,"column":3},"end":{"line":346,"column":41}},"128":{"start":{"line":347,"column":4},"end":{"line":347,"column":16}},"129":{"start":{"line":355,"column":2},"end":{"line":367,"column":3}},"130":{"start":{"line":356,"column":28},"end":{"line":360,"column":15}},"131":{"start":{"line":362,"column":4},"end":{"line":362,"column":27}},"132":{"start":{"line":362,"column":15},"end":{"line":362,"column":27}},"133":{"start":{"line":363,"column":4},"end":{"line":363,"column":16}},"134":{"start":{"line":365,"column":3},"end":{"line":365,"column":41}},"135":{"start":{"line":366,"column":4},"end":{"line":366,"column":16}},"136":{"start":{"line":374,"column":2},"end":{"line":387,"column":3}},"137":{"start":{"line":375,"column":28},"end":{"line":380,"column":15}},"138":{"start":{"line":382,"column":4},"end":{"line":382,"column":27}},"139":{"start":{"line":382,"column":15},"end":{"line":382,"column":27}},"140":{"start":{"line":383,"column":4},"end":{"line":383,"column":16}},"141":{"start":{"line":385,"column":3},"end":{"line":385,"column":41}},"142":{"start":{"line":386,"column":4},"end":{"line":386,"column":16}},"143":{"start":{"line":394,"column":2},"end":{"line":409,"column":3}},"144":{"start":{"line":395,"column":28},"end":{"line":399,"column":15}},"145":{"start":{"line":401,"column":4},"end":{"line":401,"column":27}},"146":{"start":{"line":401,"column":15},"end":{"line":401,"column":27}},"147":{"start":{"line":402,"column":4},"end":{"line":404,"column":5}},"148":{"start":{"line":403,"column":6},"end":{"line":403,"column":52}},"149":{"start":{"line":405,"column":4},"end":{"line":405,"column":29}},"150":{"start":{"line":407,"column":3},"end":{"line":407,"column":41}},"151":{"start":{"line":408,"column":4},"end":{"line":408,"column":16}},"152":{"start":{"line":416,"column":2},"end":{"line":428,"column":3}},"153":{"start":{"line":417,"column":28},"end":{"line":421,"column":15}},"154":{"start":{"line":423,"column":4},"end":{"line":423,"column":27}},"155":{"start":{"line":423,"column":15},"end":{"line":423,"column":27}},"156":{"start":{"line":424,"column":4},"end":{"line":424,"column":16}},"157":{"start":{"line":426,"column":3},"end":{"line":426,"column":40}},"158":{"start":{"line":427,"column":4},"end":{"line":427,"column":16}},"159":{"start":{"line":435,"column":2},"end":{"line":448,"column":3}},"160":{"start":{"line":436,"column":28},"end":{"line":441,"column":15}},"161":{"start":{"line":443,"column":4},"end":{"line":443,"column":27}},"162":{"start":{"line":443,"column":15},"end":{"line":443,"column":27}},"163":{"start":{"line":444,"column":4},"end":{"line":444,"column":16}},"164":{"start":{"line":446,"column":3},"end":{"line":446,"column":40}},"165":{"start":{"line":447,"column":4},"end":{"line":447,"column":16}},"166":{"start":{"line":455,"column":2},"end":{"line":470,"column":3}},"167":{"start":{"line":456,"column":28},"end":{"line":460,"column":15}},"168":{"start":{"line":462,"column":4},"end":{"line":462,"column":27}},"169":{"start":{"line":462,"column":15},"end":{"line":462,"column":27}},"170":{"start":{"line":463,"column":4},"end":{"line":465,"column":5}},"171":{"start":{"line":464,"column":6},"end":{"line":464,"column":52}},"172":{"start":{"line":466,"column":4},"end":{"line":466,"column":29}},"173":{"start":{"line":468,"column":3},"end":{"line":468,"column":40}},"174":{"start":{"line":469,"column":4},"end":{"line":469,"column":16}},"175":{"start":{"line":478,"column":2},"end":{"line":489,"column":3}},"176":{"start":{"line":479,"column":28},"end":{"line":482,"column":39}},"177":{"start":{"line":484,"column":4},"end":{"line":484,"column":27}},"178":{"start":{"line":484,"column":15},"end":{"line":484,"column":27}},"179":{"start":{"line":485,"column":4},"end":{"line":485,"column":22}},"180":{"start":{"line":487,"column":4},"end":{"line":487,"column":51}},"181":{"start":{"line":488,"column":4},"end":{"line":488,"column":16}},"182":{"start":{"line":497,"column":2},"end":{"line":508,"column":3}},"183":{"start":{"line":498,"column":28},"end":{"line":501,"column":39}},"184":{"start":{"line":503,"column":4},"end":{"line":503,"column":27}},"185":{"start":{"line":503,"column":15},"end":{"line":503,"column":27}},"186":{"start":{"line":504,"column":4},"end":{"line":504,"column":22}},"187":{"start":{"line":506,"column":4},"end":{"line":506,"column":49}},"188":{"start":{"line":507,"column":4},"end":{"line":507,"column":16}}},"fnMap":{"0":{"name":"getLocations","decl":{"start":{"line":4,"column":22},"end":{"line":4,"column":34}},"loc":{"start":{"line":4,"column":37},"end":{"line":22,"column":1}},"line":4},"1":{"name":"(anonymous_1)","decl":{"start":{"line":14,"column":28},"end":{"line":14,"column":29}},"loc":{"start":{"line":14,"column":43},"end":{"line":17,"column":5}},"line":14},"2":{"name":"getBoatTypes","decl":{"start":{"line":28,"column":22},"end":{"line":28,"column":34}},"loc":{"start":{"line":28,"column":37},"end":{"line":41,"column":1}},"line":28},"3":{"name":"getAmenities","decl":{"start":{"line":47,"column":22},"end":{"line":47,"column":34}},"loc":{"start":{"line":47,"column":37},"end":{"line":60,"column":1}},"line":47},"4":{"name":"getCaptains","decl":{"start":{"line":66,"column":22},"end":{"line":66,"column":33}},"loc":{"start":{"line":66,"column":36},"end":{"line":79,"column":1}},"line":66},"5":{"name":"createCaptain","decl":{"start":{"line":86,"column":22},"end":{"line":86,"column":35}},"loc":{"start":{"line":86,"column":49},"end":{"line":106,"column":1}},"line":86},"6":{"name":"updateCaptain","decl":{"start":{"line":114,"column":22},"end":{"line":114,"column":35}},"loc":{"start":{"line":114,"column":53},"end":{"line":142,"column":1}},"line":114},"7":{"name":"deleteCaptain","decl":{"start":{"line":149,"column":22},"end":{"line":149,"column":35}},"loc":{"start":{"line":149,"column":40},"end":{"line":166,"column":1}},"line":149},"8":{"name":"getBoatOwners","decl":{"start":{"line":172,"column":22},"end":{"line":172,"column":35}},"loc":{"start":{"line":172,"column":38},"end":{"line":185,"column":1}},"line":172},"9":{"name":"createBoatOwner","decl":{"start":{"line":192,"column":22},"end":{"line":192,"column":37}},"loc":{"start":{"line":192,"column":49},"end":{"line":212,"column":1}},"line":192},"10":{"name":"updateBoatOwner","decl":{"start":{"line":220,"column":22},"end":{"line":220,"column":37}},"loc":{"start":{"line":220,"column":53},"end":{"line":242,"column":1}},"line":220},"11":{"name":"deleteBoatOwner","decl":{"start":{"line":249,"column":22},"end":{"line":249,"column":37}},"loc":{"start":{"line":249,"column":42},"end":{"line":266,"column":1}},"line":249},"12":{"name":"createLocation","decl":{"start":{"line":271,"column":22},"end":{"line":271,"column":36}},"loc":{"start":{"line":271,"column":51},"end":{"line":294,"column":1}},"line":271},"13":{"name":"updateLocation","decl":{"start":{"line":299,"column":22},"end":{"line":299,"column":36}},"loc":{"start":{"line":299,"column":55},"end":{"line":327,"column":1}},"line":299},"14":{"name":"deleteLocation","decl":{"start":{"line":332,"column":22},"end":{"line":332,"column":36}},"loc":{"start":{"line":332,"column":41},"end":{"line":349,"column":1}},"line":332},"15":{"name":"createBoatType","decl":{"start":{"line":354,"column":22},"end":{"line":354,"column":36}},"loc":{"start":{"line":354,"column":51},"end":{"line":368,"column":1}},"line":354},"16":{"name":"updateBoatType","decl":{"start":{"line":373,"column":22},"end":{"line":373,"column":36}},"loc":{"start":{"line":373,"column":55},"end":{"line":388,"column":1}},"line":373},"17":{"name":"deleteBoatType","decl":{"start":{"line":393,"column":22},"end":{"line":393,"column":36}},"loc":{"start":{"line":393,"column":41},"end":{"line":410,"column":1}},"line":393},"18":{"name":"createAmenity","decl":{"start":{"line":415,"column":22},"end":{"line":415,"column":35}},"loc":{"start":{"line":415,"column":49},"end":{"line":429,"column":1}},"line":415},"19":{"name":"updateAmenity","decl":{"start":{"line":434,"column":22},"end":{"line":434,"column":35}},"loc":{"start":{"line":434,"column":53},"end":{"line":449,"column":1}},"line":434},"20":{"name":"deleteAmenity","decl":{"start":{"line":454,"column":22},"end":{"line":454,"column":35}},"loc":{"start":{"line":454,"column":40},"end":{"line":471,"column":1}},"line":454},"21":{"name":"getAddons","decl":{"start":{"line":477,"column":22},"end":{"line":477,"column":31}},"loc":{"start":{"line":477,"column":34},"end":{"line":490,"column":1}},"line":477},"22":{"name":"getFaqs","decl":{"start":{"line":496,"column":22},"end":{"line":496,"column":29}},"loc":{"start":{"line":496,"column":32},"end":{"line":509,"column":1}},"line":496}},"branchMap":{"0":{"loc":{"start":{"line":11,"column":4},"end":{"line":11,"column":27}},"type":"if","locations":[{"start":{"line":11,"column":4},"end":{"line":11,"column":27}},{"start":{},"end":{}}],"line":11},"1":{"loc":{"start":{"line":14,"column":12},"end":{"line":14,"column":22}},"type":"binary-expr","locations":[{"start":{"line":14,"column":12},"end":{"line":14,"column":16}},{"start":{"line":14,"column":20},"end":{"line":14,"column":22}}],"line":14},"2":{"loc":{"start":{"line":16,"column":16},"end":{"line":16,"column":42}},"type":"binary-expr","locations":[{"start":{"line":16,"column":16},"end":{"line":16,"column":34}},{"start":{"line":16,"column":38},"end":{"line":16,"column":42}}],"line":16},"3":{"loc":{"start":{"line":35,"column":4},"end":{"line":35,"column":27}},"type":"if","locations":[{"start":{"line":35,"column":4},"end":{"line":35,"column":27}},{"start":{},"end":{}}],"line":35},"4":{"loc":{"start":{"line":36,"column":11},"end":{"line":36,"column":21}},"type":"binary-expr","locations":[{"start":{"line":36,"column":11},"end":{"line":36,"column":15}},{"start":{"line":36,"column":19},"end":{"line":36,"column":21}}],"line":36},"5":{"loc":{"start":{"line":54,"column":4},"end":{"line":54,"column":27}},"type":"if","locations":[{"start":{"line":54,"column":4},"end":{"line":54,"column":27}},{"start":{},"end":{}}],"line":54},"6":{"loc":{"start":{"line":55,"column":11},"end":{"line":55,"column":21}},"type":"binary-expr","locations":[{"start":{"line":55,"column":11},"end":{"line":55,"column":15}},{"start":{"line":55,"column":19},"end":{"line":55,"column":21}}],"line":55},"7":{"loc":{"start":{"line":73,"column":4},"end":{"line":73,"column":27}},"type":"if","locations":[{"start":{"line":73,"column":4},"end":{"line":73,"column":27}},{"start":{},"end":{}}],"line":73},"8":{"loc":{"start":{"line":74,"column":11},"end":{"line":74,"column":21}},"type":"binary-expr","locations":[{"start":{"line":74,"column":11},"end":{"line":74,"column":15}},{"start":{"line":74,"column":19},"end":{"line":74,"column":21}}],"line":74},"9":{"loc":{"start":{"line":89,"column":18},"end":{"line":89,"column":65}},"type":"binary-expr","locations":[{"start":{"line":89,"column":18},"end":{"line":89,"column":39}},{"start":{"line":89,"column":43},"end":{"line":89,"column":65}}],"line":89},"10":{"loc":{"start":{"line":90,"column":17},"end":{"line":90,"column":62}},"type":"binary-expr","locations":[{"start":{"line":90,"column":17},"end":{"line":90,"column":37}},{"start":{"line":90,"column":41},"end":{"line":90,"column":62}}],"line":90},"11":{"loc":{"start":{"line":100,"column":4},"end":{"line":100,"column":27}},"type":"if","locations":[{"start":{"line":100,"column":4},"end":{"line":100,"column":27}},{"start":{},"end":{}}],"line":100},"12":{"loc":{"start":{"line":117,"column":4},"end":{"line":121,"column":80}},"type":"if","locations":[{"start":{"line":117,"column":4},"end":{"line":121,"column":80}},{"start":{},"end":{}}],"line":117},"13":{"loc":{"start":{"line":118,"column":6},"end":{"line":119,"column":42}},"type":"binary-expr","locations":[{"start":{"line":118,"column":6},"end":{"line":118,"column":41}},{"start":{"line":119,"column":6},"end":{"line":119,"column":42}}],"line":118},"14":{"loc":{"start":{"line":121,"column":32},"end":{"line":121,"column":79}},"type":"binary-expr","locations":[{"start":{"line":121,"column":32},"end":{"line":121,"column":53}},{"start":{"line":121,"column":57},"end":{"line":121,"column":79}}],"line":121},"15":{"loc":{"start":{"line":122,"column":4},"end":{"line":126,"column":77}},"type":"if","locations":[{"start":{"line":122,"column":4},"end":{"line":126,"column":77}},{"start":{},"end":{}}],"line":122},"16":{"loc":{"start":{"line":123,"column":6},"end":{"line":124,"column":41}},"type":"binary-expr","locations":[{"start":{"line":123,"column":6},"end":{"line":123,"column":40}},{"start":{"line":124,"column":6},"end":{"line":124,"column":41}}],"line":123},"17":{"loc":{"start":{"line":126,"column":31},"end":{"line":126,"column":76}},"type":"binary-expr","locations":[{"start":{"line":126,"column":31},"end":{"line":126,"column":51}},{"start":{"line":126,"column":55},"end":{"line":126,"column":76}}],"line":126},"18":{"loc":{"start":{"line":127,"column":4},"end":{"line":127,"column":80}},"type":"if","locations":[{"start":{"line":127,"column":4},"end":{"line":127,"column":80}},{"start":{},"end":{}}],"line":127},"19":{"loc":{"start":{"line":136,"column":4},"end":{"line":136,"column":27}},"type":"if","locations":[{"start":{"line":136,"column":4},"end":{"line":136,"column":27}},{"start":{},"end":{}}],"line":136},"20":{"loc":{"start":{"line":157,"column":4},"end":{"line":157,"column":27}},"type":"if","locations":[{"start":{"line":157,"column":4},"end":{"line":157,"column":27}},{"start":{},"end":{}}],"line":157},"21":{"loc":{"start":{"line":158,"column":4},"end":{"line":160,"column":5}},"type":"if","locations":[{"start":{"line":158,"column":4},"end":{"line":160,"column":5}},{"start":{},"end":{}}],"line":158},"22":{"loc":{"start":{"line":158,"column":8},"end":{"line":158,"column":34}},"type":"binary-expr","locations":[{"start":{"line":158,"column":8},"end":{"line":158,"column":13}},{"start":{"line":158,"column":17},"end":{"line":158,"column":34}}],"line":158},"23":{"loc":{"start":{"line":179,"column":4},"end":{"line":179,"column":27}},"type":"if","locations":[{"start":{"line":179,"column":4},"end":{"line":179,"column":27}},{"start":{},"end":{}}],"line":179},"24":{"loc":{"start":{"line":180,"column":11},"end":{"line":180,"column":21}},"type":"binary-expr","locations":[{"start":{"line":180,"column":11},"end":{"line":180,"column":15}},{"start":{"line":180,"column":19},"end":{"line":180,"column":21}}],"line":180},"25":{"loc":{"start":{"line":195,"column":18},"end":{"line":195,"column":61}},"type":"binary-expr","locations":[{"start":{"line":195,"column":18},"end":{"line":195,"column":37}},{"start":{"line":195,"column":41},"end":{"line":195,"column":61}}],"line":195},"26":{"loc":{"start":{"line":196,"column":17},"end":{"line":196,"column":58}},"type":"binary-expr","locations":[{"start":{"line":196,"column":17},"end":{"line":196,"column":35}},{"start":{"line":196,"column":39},"end":{"line":196,"column":58}}],"line":196},"27":{"loc":{"start":{"line":206,"column":4},"end":{"line":206,"column":27}},"type":"if","locations":[{"start":{"line":206,"column":4},"end":{"line":206,"column":27}},{"start":{},"end":{}}],"line":206},"28":{"loc":{"start":{"line":223,"column":4},"end":{"line":224,"column":76}},"type":"if","locations":[{"start":{"line":223,"column":4},"end":{"line":224,"column":76}},{"start":{},"end":{}}],"line":223},"29":{"loc":{"start":{"line":223,"column":8},"end":{"line":223,"column":79}},"type":"binary-expr","locations":[{"start":{"line":223,"column":8},"end":{"line":223,"column":41}},{"start":{"line":223,"column":45},"end":{"line":223,"column":79}}],"line":223},"30":{"loc":{"start":{"line":224,"column":32},"end":{"line":224,"column":75}},"type":"binary-expr","locations":[{"start":{"line":224,"column":32},"end":{"line":224,"column":51}},{"start":{"line":224,"column":55},"end":{"line":224,"column":75}}],"line":224},"31":{"loc":{"start":{"line":225,"column":4},"end":{"line":226,"column":73}},"type":"if","locations":[{"start":{"line":225,"column":4},"end":{"line":226,"column":73}},{"start":{},"end":{}}],"line":225},"32":{"loc":{"start":{"line":225,"column":8},"end":{"line":225,"column":77}},"type":"binary-expr","locations":[{"start":{"line":225,"column":8},"end":{"line":225,"column":40}},{"start":{"line":225,"column":44},"end":{"line":225,"column":77}}],"line":225},"33":{"loc":{"start":{"line":226,"column":31},"end":{"line":226,"column":72}},"type":"binary-expr","locations":[{"start":{"line":226,"column":31},"end":{"line":226,"column":49}},{"start":{"line":226,"column":53},"end":{"line":226,"column":72}}],"line":226},"34":{"loc":{"start":{"line":227,"column":4},"end":{"line":227,"column":76}},"type":"if","locations":[{"start":{"line":227,"column":4},"end":{"line":227,"column":76}},{"start":{},"end":{}}],"line":227},"35":{"loc":{"start":{"line":236,"column":4},"end":{"line":236,"column":27}},"type":"if","locations":[{"start":{"line":236,"column":4},"end":{"line":236,"column":27}},{"start":{},"end":{}}],"line":236},"36":{"loc":{"start":{"line":257,"column":4},"end":{"line":257,"column":27}},"type":"if","locations":[{"start":{"line":257,"column":4},"end":{"line":257,"column":27}},{"start":{},"end":{}}],"line":257},"37":{"loc":{"start":{"line":258,"column":4},"end":{"line":260,"column":5}},"type":"if","locations":[{"start":{"line":258,"column":4},"end":{"line":260,"column":5}},{"start":{},"end":{}}],"line":258},"38":{"loc":{"start":{"line":258,"column":8},"end":{"line":258,"column":34}},"type":"binary-expr","locations":[{"start":{"line":258,"column":8},"end":{"line":258,"column":13}},{"start":{"line":258,"column":17},"end":{"line":258,"column":34}}],"line":258},"39":{"loc":{"start":{"line":276,"column":17},"end":{"line":276,"column":72}},"type":"binary-expr","locations":[{"start":{"line":276,"column":17},"end":{"line":276,"column":38}},{"start":{"line":276,"column":42},"end":{"line":276,"column":64}},{"start":{"line":276,"column":68},"end":{"line":276,"column":72}}],"line":276},"40":{"loc":{"start":{"line":285,"column":4},"end":{"line":285,"column":27}},"type":"if","locations":[{"start":{"line":285,"column":4},"end":{"line":285,"column":27}},{"start":{},"end":{}}],"line":285},"41":{"loc":{"start":{"line":302,"column":4},"end":{"line":302,"column":79}},"type":"if","locations":[{"start":{"line":302,"column":4},"end":{"line":302,"column":79}},{"start":{},"end":{}}],"line":302},"42":{"loc":{"start":{"line":303,"column":4},"end":{"line":304,"column":46}},"type":"if","locations":[{"start":{"line":303,"column":4},"end":{"line":304,"column":46}},{"start":{},"end":{}}],"line":303},"43":{"loc":{"start":{"line":305,"column":4},"end":{"line":309,"column":79}},"type":"if","locations":[{"start":{"line":305,"column":4},"end":{"line":309,"column":79}},{"start":{},"end":{}}],"line":305},"44":{"loc":{"start":{"line":306,"column":6},"end":{"line":307,"column":42}},"type":"binary-expr","locations":[{"start":{"line":306,"column":6},"end":{"line":306,"column":41}},{"start":{"line":307,"column":6},"end":{"line":307,"column":42}}],"line":306},"45":{"loc":{"start":{"line":309,"column":31},"end":{"line":309,"column":78}},"type":"binary-expr","locations":[{"start":{"line":309,"column":31},"end":{"line":309,"column":52}},{"start":{"line":309,"column":56},"end":{"line":309,"column":78}}],"line":309},"46":{"loc":{"start":{"line":318,"column":4},"end":{"line":318,"column":27}},"type":"if","locations":[{"start":{"line":318,"column":4},"end":{"line":318,"column":27}},{"start":{},"end":{}}],"line":318},"47":{"loc":{"start":{"line":340,"column":4},"end":{"line":340,"column":27}},"type":"if","locations":[{"start":{"line":340,"column":4},"end":{"line":340,"column":27}},{"start":{},"end":{}}],"line":340},"48":{"loc":{"start":{"line":341,"column":4},"end":{"line":343,"column":5}},"type":"if","locations":[{"start":{"line":341,"column":4},"end":{"line":343,"column":5}},{"start":{},"end":{}}],"line":341},"49":{"loc":{"start":{"line":341,"column":8},"end":{"line":341,"column":34}},"type":"binary-expr","locations":[{"start":{"line":341,"column":8},"end":{"line":341,"column":13}},{"start":{"line":341,"column":17},"end":{"line":341,"column":34}}],"line":341},"50":{"loc":{"start":{"line":362,"column":4},"end":{"line":362,"column":27}},"type":"if","locations":[{"start":{"line":362,"column":4},"end":{"line":362,"column":27}},{"start":{},"end":{}}],"line":362},"51":{"loc":{"start":{"line":382,"column":4},"end":{"line":382,"column":27}},"type":"if","locations":[{"start":{"line":382,"column":4},"end":{"line":382,"column":27}},{"start":{},"end":{}}],"line":382},"52":{"loc":{"start":{"line":401,"column":4},"end":{"line":401,"column":27}},"type":"if","locations":[{"start":{"line":401,"column":4},"end":{"line":401,"column":27}},{"start":{},"end":{}}],"line":401},"53":{"loc":{"start":{"line":402,"column":4},"end":{"line":404,"column":5}},"type":"if","locations":[{"start":{"line":402,"column":4},"end":{"line":404,"column":5}},{"start":{},"end":{}}],"line":402},"54":{"loc":{"start":{"line":402,"column":8},"end":{"line":402,"column":34}},"type":"binary-expr","locations":[{"start":{"line":402,"column":8},"end":{"line":402,"column":13}},{"start":{"line":402,"column":17},"end":{"line":402,"column":34}}],"line":402},"55":{"loc":{"start":{"line":423,"column":4},"end":{"line":423,"column":27}},"type":"if","locations":[{"start":{"line":423,"column":4},"end":{"line":423,"column":27}},{"start":{},"end":{}}],"line":423},"56":{"loc":{"start":{"line":443,"column":4},"end":{"line":443,"column":27}},"type":"if","locations":[{"start":{"line":443,"column":4},"end":{"line":443,"column":27}},{"start":{},"end":{}}],"line":443},"57":{"loc":{"start":{"line":462,"column":4},"end":{"line":462,"column":27}},"type":"if","locations":[{"start":{"line":462,"column":4},"end":{"line":462,"column":27}},{"start":{},"end":{}}],"line":462},"58":{"loc":{"start":{"line":463,"column":4},"end":{"line":465,"column":5}},"type":"if","locations":[{"start":{"line":463,"column":4},"end":{"line":465,"column":5}},{"start":{},"end":{}}],"line":463},"59":{"loc":{"start":{"line":463,"column":8},"end":{"line":463,"column":34}},"type":"binary-expr","locations":[{"start":{"line":463,"column":8},"end":{"line":463,"column":13}},{"start":{"line":463,"column":17},"end":{"line":463,"column":34}}],"line":463},"60":{"loc":{"start":{"line":484,"column":4},"end":{"line":484,"column":27}},"type":"if","locations":[{"start":{"line":484,"column":4},"end":{"line":484,"column":27}},{"start":{},"end":{}}],"line":484},"61":{"loc":{"start":{"line":485,"column":11},"end":{"line":485,"column":21}},"type":"binary-expr","locations":[{"start":{"line":485,"column":11},"end":{"line":485,"column":15}},{"start":{"line":485,"column":19},"end":{"line":485,"column":21}}],"line":485},"62":{"loc":{"start":{"line":503,"column":4},"end":{"line":503,"column":27}},"type":"if","locations":[{"start":{"line":503,"column":4},"end":{"line":503,"column":27}},{"start":{},"end":{}}],"line":503},"63":{"loc":{"start":{"line":504,"column":11},"end":{"line":504,"column":21}},"type":"binary-expr","locations":[{"start":{"line":504,"column":11},"end":{"line":504,"column":15}},{"start":{"line":504,"column":19},"end":{"line":504,"column":21}}],"line":504}},"s":{"0":3,"1":3,"2":3,"3":1,"4":2,"5":3,"6":1,"7":1,"8":4,"9":4,"10":3,"11":1,"12":2,"13":2,"14":2,"15":4,"16":4,"17":3,"18":1,"19":2,"20":2,"21":2,"22":4,"23":4,"24":3,"25":1,"26":2,"27":2,"28":2,"29":4,"30":4,"31":4,"32":3,"33":1,"34":2,"35":2,"36":2,"37":5,"38":5,"39":5,"40":4,"41":5,"42":3,"43":5,"44":1,"45":5,"46":5,"47":1,"48":4,"49":1,"50":1,"51":3,"52":3,"53":3,"54":1,"55":2,"56":1,"57":1,"58":2,"59":2,"60":4,"61":4,"62":3,"63":1,"64":2,"65":2,"66":2,"67":4,"68":4,"69":4,"70":3,"71":1,"72":2,"73":2,"74":2,"75":4,"76":4,"77":4,"78":3,"79":4,"80":2,"81":4,"82":1,"83":4,"84":4,"85":1,"86":3,"87":1,"88":1,"89":3,"90":3,"91":3,"92":1,"93":2,"94":1,"95":1,"96":2,"97":2,"98":3,"99":3,"100":3,"101":3,"102":1,"103":2,"104":1,"105":1,"106":3,"107":3,"108":3,"109":2,"110":3,"111":1,"112":3,"113":2,"114":3,"115":3,"116":1,"117":2,"118":1,"119":1,"120":3,"121":3,"122":3,"123":1,"124":2,"125":1,"126":1,"127":2,"128":2,"129":2,"130":2,"131":2,"132":1,"133":1,"134":1,"135":1,"136":2,"137":2,"138":2,"139":1,"140":1,"141":1,"142":1,"143":3,"144":3,"145":3,"146":1,"147":2,"148":1,"149":1,"150":2,"151":2,"152":2,"153":2,"154":2,"155":1,"156":1,"157":1,"158":1,"159":2,"160":2,"161":2,"162":1,"163":1,"164":1,"165":1,"166":3,"167":3,"168":3,"169":1,"170":2,"171":1,"172":1,"173":2,"174":2,"175":3,"176":3,"177":3,"178":1,"179":2,"180":1,"181":1,"182":3,"183":3,"184":3,"185":1,"186":2,"187":1,"188":1},"f":{"0":3,"1":3,"2":4,"3":4,"4":4,"5":4,"6":5,"7":3,"8":4,"9":4,"10":4,"11":3,"12":3,"13":3,"14":3,"15":2,"16":2,"17":3,"18":2,"19":2,"20":3,"21":3,"22":3},"b":{"0":[1,2],"1":[2,1],"2":[3,2],"3":[1,2],"4":[2,1],"5":[1,2],"6":[2,1],"7":[1,2],"8":[2,1],"9":[4,1],"10":[4,1],"11":[1,2],"12":[4,1],"13":[5,3],"14":[4,2],"15":[3,2],"16":[5,4],"17":[3,2],"18":[1,4],"19":[1,4],"20":[1,2],"21":[1,1],"22":[2,2],"23":[1,2],"24":[2,1],"25":[4,1],"26":[4,1],"27":[1,2],"28":[3,1],"29":[4,2],"30":[3,1],"31":[2,2],"32":[4,3],"33":[2,1],"34":[1,3],"35":[1,3],"36":[1,2],"37":[1,1],"38":[2,2],"39":[3,2,1],"40":[1,2],"41":[2,1],"42":[1,2],"43":[2,1],"44":[3,2],"45":[2,1],"46":[1,2],"47":[1,2],"48":[1,1],"49":[2,2],"50":[1,1],"51":[1,1],"52":[1,2],"53":[1,1],"54":[2,2],"55":[1,1],"56":[1,1],"57":[1,2],"58":[1,1],"59":[2,2],"60":[1,2],"61":[2,1],"62":[1,2],"63":[2,1]},"meta":{"lastBranch":64,"lastFunction":23,"lastStatement":189,"seen":{"f:4:22:4:34":0,"s:5:2:21:3":0,"s:6:28:9:39":1,"b:11:4:11:27:undefined:undefined:undefined:undefined":0,"s:11:4:11:27":2,"s:11:15:11:27":3,"s:14:4:17:8":4,"b:14:12:14:16:14:20:14:22":1,"f:14:28:14:29":1,"s:14:43:17:5":5,"b:16:16:16:34:16:38:16:42":2,"s:19:4:19:54":6,"s:20:4:20:16":7,"f:28:22:28:34":2,"s:29:2:40:3":8,"s:30:28:33:39":9,"b:35:4:35:27:undefined:undefined:undefined:undefined":3,"s:35:4:35:27":10,"s:35:15:35:27":11,"s:36:4:36:22":12,"b:36:11:36:15:36:19:36:21":4,"s:38:4:38:55":13,"s:39:4:39:16":14,"f:47:22:47:34":3,"s:48:2:59:3":15,"s:49:28:52:39":16,"b:54:4:54:27:undefined:undefined:undefined:undefined":5,"s:54:4:54:27":17,"s:54:15:54:27":18,"s:55:4:55:22":19,"b:55:11:55:15:55:19:55:21":6,"s:57:4:57:54":20,"s:58:4:58:16":21,"f:66:22:66:33":4,"s:67:2:78:3":22,"s:68:28:71:39":23,"b:73:4:73:27:undefined:undefined:undefined:undefined":7,"s:73:4:73:27":24,"s:73:15:73:27":25,"s:74:4:74:22":26,"b:74:11:74:15:74:19:74:21":8,"s:76:4:76:53":27,"s:77:4:77:16":28,"f:86:22:86:35":5,"s:87:2:105:3":29,"s:88:25:92:5":30,"b:89:18:89:39:89:43:89:65":9,"b:90:17:90:37:90:41:90:62":10,"s:94:28:98:15":31,"b:100:4:100:27:undefined:undefined:undefined:undefined":11,"s:100:4:100:27":32,"s:100:15:100:27":33,"s:101:4:101:16":34,"s:103:3:103:40":35,"s:104:4:104:16":36,"f:114:22:114:35":6,"s:115:2:141:3":37,"s:116:25:116:27":38,"b:117:4:121:80:undefined:undefined:undefined:undefined":12,"s:117:4:121:80":39,"b:118:6:118:41:119:6:119:42":13,"s:121:6:121:80":40,"b:121:32:121:53:121:57:121:79":14,"b:122:4:126:77:undefined:undefined:undefined:undefined":15,"s:122:4:126:77":41,"b:123:6:123:40:124:6:124:41":16,"s:126:6:126:77":42,"b:126:31:126:51:126:55:126:76":17,"b:127:4:127:80:undefined:undefined:undefined:undefined":18,"s:127:4:127:80":43,"s:127:41:127:80":44,"s:129:28:134:15":45,"b:136:4:136:27:undefined:undefined:undefined:undefined":19,"s:136:4:136:27":46,"s:136:15:136:27":47,"s:137:4:137:16":48,"s:139:3:139:40":49,"s:140:4:140:16":50,"f:149:22:149:35":7,"s:150:2:165:3":51,"s:151:28:155:15":52,"b:157:4:157:27:undefined:undefined:undefined:undefined":20,"s:157:4:157:27":53,"s:157:15:157:27":54,"b:158:4:160:5:undefined:undefined:undefined:undefined":21,"s:158:4:160:5":55,"b:158:8:158:13:158:17:158:34":22,"s:159:6:159:52":56,"s:161:4:161:29":57,"s:163:3:163:40":58,"s:164:4:164:16":59,"f:172:22:172:35":8,"s:173:2:184:3":60,"s:174:28:177:39":61,"b:179:4:179:27:undefined:undefined:undefined:undefined":23,"s:179:4:179:27":62,"s:179:15:179:27":63,"s:180:4:180:22":64,"b:180:11:180:15:180:19:180:21":24,"s:182:4:182:56":65,"s:183:4:183:16":66,"f:192:22:192:37":9,"s:193:2:211:3":67,"s:194:25:198:5":68,"b:195:18:195:37:195:41:195:61":25,"b:196:17:196:35:196:39:196:58":26,"s:200:28:204:15":69,"b:206:4:206:27:undefined:undefined:undefined:undefined":27,"s:206:4:206:27":70,"s:206:15:206:27":71,"s:207:4:207:16":72,"s:209:3:209:42":73,"s:210:4:210:16":74,"f:220:22:220:37":10,"s:221:2:241:3":75,"s:222:25:222:27":76,"b:223:4:224:76:undefined:undefined:undefined:undefined":28,"s:223:4:224:76":77,"b:223:8:223:41:223:45:223:79":29,"s:224:6:224:76":78,"b:224:32:224:51:224:55:224:75":30,"b:225:4:226:73:undefined:undefined:undefined:undefined":31,"s:225:4:226:73":79,"b:225:8:225:40:225:44:225:77":32,"s:226:6:226:73":80,"b:226:31:226:49:226:53:226:72":33,"b:227:4:227:76:undefined:undefined:undefined:undefined":34,"s:227:4:227:76":81,"s:227:39:227:76":82,"s:229:28:234:15":83,"b:236:4:236:27:undefined:undefined:undefined:undefined":35,"s:236:4:236:27":84,"s:236:15:236:27":85,"s:237:4:237:16":86,"s:239:3:239:42":87,"s:240:4:240:16":88,"f:249:22:249:37":11,"s:250:2:265:3":89,"s:251:28:255:15":90,"b:257:4:257:27:undefined:undefined:undefined:undefined":36,"s:257:4:257:27":91,"s:257:15:257:27":92,"b:258:4:260:5:undefined:undefined:undefined:undefined":37,"s:258:4:260:5":93,"b:258:8:258:13:258:17:258:34":38,"s:259:6:259:52":94,"s:261:4:261:29":95,"s:263:3:263:42":96,"s:264:4:264:16":97,"f:271:22:271:36":12,"s:272:2:293:3":98,"s:273:25:277:5":99,"b:276:17:276:38:276:42:276:64:276:68:276:72":39,"s:279:28:283:15":100,"b:285:4:285:27:undefined:undefined:undefined:undefined":40,"s:285:4:285:27":101,"s:285:15:285:27":102,"s:286:4:289:6":103,"s:291:3:291:41":104,"s:292:4:292:16":105,"f:299:22:299:36":13,"s:300:2:326:3":106,"s:301:25:301:27":107,"b:302:4:302:79:undefined:undefined:undefined:undefined":41,"s:302:4:302:79":108,"s:302:41:302:79":109,"b:303:4:304:46:undefined:undefined:undefined:undefined":42,"s:303:4:304:46":110,"s:304:6:304:46":111,"b:305:4:309:79:undefined:undefined:undefined:undefined":43,"s:305:4:309:79":112,"b:306:6:306:41:307:6:307:42":44,"s:309:6:309:79":113,"b:309:31:309:52:309:56:309:78":45,"s:311:28:316:15":114,"b:318:4:318:27:undefined:undefined:undefined:undefined":46,"s:318:4:318:27":115,"s:318:15:318:27":116,"s:319:4:322:6":117,"s:324:3:324:41":118,"s:325:4:325:16":119,"f:332:22:332:36":14,"s:333:2:348:3":120,"s:334:28:338:15":121,"b:340:4:340:27:undefined:undefined:undefined:undefined":47,"s:340:4:340:27":122,"s:340:15:340:27":123,"b:341:4:343:5:undefined:undefined:undefined:undefined":48,"s:341:4:343:5":124,"b:341:8:341:13:341:17:341:34":49,"s:342:6:342:52":125,"s:344:4:344:29":126,"s:346:3:346:41":127,"s:347:4:347:16":128,"f:354:22:354:36":15,"s:355:2:367:3":129,"s:356:28:360:15":130,"b:362:4:362:27:undefined:undefined:undefined:undefined":50,"s:362:4:362:27":131,"s:362:15:362:27":132,"s:363:4:363:16":133,"s:365:3:365:41":134,"s:366:4:366:16":135,"f:373:22:373:36":16,"s:374:2:387:3":136,"s:375:28:380:15":137,"b:382:4:382:27:undefined:undefined:undefined:undefined":51,"s:382:4:382:27":138,"s:382:15:382:27":139,"s:383:4:383:16":140,"s:385:3:385:41":141,"s:386:4:386:16":142,"f:393:22:393:36":17,"s:394:2:409:3":143,"s:395:28:399:15":144,"b:401:4:401:27:undefined:undefined:undefined:undefined":52,"s:401:4:401:27":145,"s:401:15:401:27":146,"b:402:4:404:5:undefined:undefined:undefined:undefined":53,"s:402:4:404:5":147,"b:402:8:402:13:402:17:402:34":54,"s:403:6:403:52":148,"s:405:4:405:29":149,"s:407:3:407:41":150,"s:408:4:408:16":151,"f:415:22:415:35":18,"s:416:2:428:3":152,"s:417:28:421:15":153,"b:423:4:423:27:undefined:undefined:undefined:undefined":55,"s:423:4:423:27":154,"s:423:15:423:27":155,"s:424:4:424:16":156,"s:426:3:426:40":157,"s:427:4:427:16":158,"f:434:22:434:35":19,"s:435:2:448:3":159,"s:436:28:441:15":160,"b:443:4:443:27:undefined:undefined:undefined:undefined":56,"s:443:4:443:27":161,"s:443:15:443:27":162,"s:444:4:444:16":163,"s:446:3:446:40":164,"s:447:4:447:16":165,"f:454:22:454:35":20,"s:455:2:470:3":166,"s:456:28:460:15":167,"b:462:4:462:27:undefined:undefined:undefined:undefined":57,"s:462:4:462:27":168,"s:462:15:462:27":169,"b:463:4:465:5:undefined:undefined:undefined:undefined":58,"s:463:4:465:5":170,"b:463:8:463:13:463:17:463:34":59,"s:464:6:464:52":171,"s:466:4:466:29":172,"s:468:3:468:40":173,"s:469:4:469:16":174,"f:477:22:477:31":21,"s:478:2:489:3":175,"s:479:28:482:39":176,"b:484:4:484:27:undefined:undefined:undefined:undefined":60,"s:484:4:484:27":177,"s:484:15:484:27":178,"s:485:4:485:22":179,"b:485:11:485:15:485:19:485:21":61,"s:487:4:487:51":180,"s:488:4:488:16":181,"f:496:22:496:29":22,"s:497:2:508:3":182,"s:498:28:501:39":183,"b:503:4:503:27:undefined:undefined:undefined:undefined":62,"s:503:4:503:27":184,"s:503:15:503:27":185,"s:504:4:504:22":186,"b:504:11:504:15:504:19:504:21":63,"s:506:4:506:49":187,"s:507:4:507:16":188}}}
}
